

> @vben/backend-mock@0.0.1 build /Users/zhichao.zhang/vue-vben-admin/apps/backend-mock
> nitro build

[32m✔[39m Generated public [36m.output/public[39m                                                                                                                               [90mnitro[39m [90m20:31:45[39m
[36mℹ[39m Building Nitro Server (preset: [36mnode-server[39m, compatibility date: [36m2025-09-28[39m)                                                                                   [90mnitro[39m [90m20:31:45[39m
[32m✔[39m Nitro Server built                                                                                                                                            [90mnitro[39m [90m20:31:48[39m
[90m  ├─ .output/server/chunks/_/cookie-utils.mjs (700 B)[39m[90m (316 B gzip)[39m
[90m  ├─ .output/server/chunks/_/cookie-utils.mjs.map (622 B)[39m[90m (288 B gzip)[39m
[90m  ├─ .output/server/chunks/_/jwt-utils.mjs (10.3 kB)[39m[90m (2.28 kB gzip)[39m
[90m  ├─ .output/server/chunks/_/jwt-utils.mjs.map (9.4 kB)[39m[90m (1.56 kB gzip)[39m
[90m  ├─ .output/server/chunks/nitro/nitro.mjs (162 kB)[39m[90m (39.7 kB gzip)[39m
[90m  ├─ .output/server/chunks/nitro/nitro.mjs.map (5.2 kB)[39m[90m (970 B gzip)[39m
[90m  ├─ .output/server/chunks/routes/_..._.mjs (674 B)[39m[90m (330 B gzip)[39m
[90m  ├─ .output/server/chunks/routes/_..._.mjs.map (242 B)[39m[90m (162 B gzip)[39m
[90m  ├─ .output/server/chunks/routes/api/auth/codes.mjs (785 B)[39m[90m (396 B gzip)[39m
[90m  ├─ .output/server/chunks/routes/api/auth/codes.mjs.map (559 B)[39m[90m (292 B gzip)[39m
[90m  ├─ .output/server/chunks/routes/api/auth/login.post.mjs (1.4 kB)[39m[90m (577 B gzip)[39m
[90m  ├─ .output/server/chunks/routes/api/auth/login.post.mjs.map (848 B)[39m[90m (387 B gzip)[39m
[90m  ├─ .output/server/chunks/routes/api/auth/logout.post.mjs (691 B)[39m[90m (314 B gzip)[39m
[90m  ├─ .output/server/chunks/routes/api/auth/logout.post.mjs.map (387 B)[39m[90m (236 B gzip)[39m
[90m  ├─ .output/server/chunks/routes/api/auth/refresh.post.mjs (1.21 kB)[39m[90m (458 B gzip)[39m
[90m  ├─ .output/server/chunks/routes/api/auth/refresh.post.mjs.map (740 B)[39m[90m (334 B gzip)[39m
[90m  ├─ .output/server/chunks/routes/api/demo/bigint.mjs (1.21 kB)[39m[90m (497 B gzip)[39m
[90m  ├─ .output/server/chunks/routes/api/demo/bigint.mjs.map (509 B)[39m[90m (253 B gzip)[39m
[90m  ├─ .output/server/chunks/routes/api/menu/all.mjs (793 B)[39m[90m (404 B gzip)[39m
[90m  ├─ .output/server/chunks/routes/api/menu/all.mjs.map (555 B)[39m[90m (294 B gzip)[39m
[90m  ├─ .output/server/chunks/routes/api/status.mjs (520 B)[39m[90m (272 B gzip)[39m
[90m  ├─ .output/server/chunks/routes/api/status.mjs.map (359 B)[39m[90m (216 B gzip)[39m
[90m  ├─ .output/server/chunks/routes/api/system/dept/_id_.delete.mjs (683 B)[39m[90m (335 B gzip)[39m
[90m  ├─ .output/server/chunks/routes/api/system/dept/_id_.delete.mjs.map (393 B)[39m[90m (244 B gzip)[39m
[90m  ├─ .output/server/chunks/routes/api/system/dept/_id_.put.mjs (674 B)[39m[90m (334 B gzip)[39m
[90m  ├─ .output/server/chunks/routes/api/system/dept/_id_.put.mjs.map (387 B)[39m[90m (241 B gzip)[39m
[90m  ├─ .output/server/chunks/routes/api/system/dept/list.mjs (1.95 kB)[39m[90m (811 B gzip)[39m
[90m  ├─ .output/server/chunks/routes/api/system/dept/list.mjs.map (1.86 kB)[39m[90m (604 B gzip)[39m
[90m  ├─ .output/server/chunks/routes/api/system/menu/list.mjs (661 B)[39m[90m (328 B gzip)[39m
[90m  ├─ .output/server/chunks/routes/api/system/menu/list.mjs.map (347 B)[39m[90m (226 B gzip)[39m
[90m  ├─ .output/server/chunks/routes/api/system/menu/name-exists.mjs (1.03 kB)[39m[90m (484 B gzip)[39m
[90m  ├─ .output/server/chunks/routes/api/system/menu/name-exists.mjs.map (822 B)[39m[90m (380 B gzip)[39m
[90m  ├─ .output/server/chunks/routes/api/system/menu/path-exists.mjs (1.03 kB)[39m[90m (490 B gzip)[39m
[90m  ├─ .output/server/chunks/routes/api/system/menu/path-exists.mjs.map (847 B)[39m[90m (387 B gzip)[39m
[90m  ├─ .output/server/chunks/routes/api/system/role/list.mjs (2.54 kB)[39m[90m (998 B gzip)[39m
[90m  ├─ .output/server/chunks/routes/api/system/role/list.mjs.map (2.58 kB)[39m[90m (799 B gzip)[39m
[90m  ├─ .output/server/chunks/routes/api/table/list.mjs (3.65 kB)[39m[90m (1.34 kB gzip)[39m
[90m  ├─ .output/server/chunks/routes/api/table/list.mjs.map (3.88 kB)[39m[90m (1.06 kB gzip)[39m
[90m  ├─ .output/server/chunks/routes/api/test.get.mjs (364 B)[39m[90m (206 B gzip)[39m
[90m  ├─ .output/server/chunks/routes/api/test.get.mjs.map (180 B)[39m[90m (143 B gzip)[39m
[90m  ├─ .output/server/chunks/routes/api/test.post.mjs (368 B)[39m[90m (207 B gzip)[39m
[90m  ├─ .output/server/chunks/routes/api/test.post.mjs.map (182 B)[39m[90m (143 B gzip)[39m
[90m  ├─ .output/server/chunks/routes/api/upload.mjs (696 B)[39m[90m (356 B gzip)[39m
[90m  ├─ .output/server/chunks/routes/api/upload.mjs.map (363 B)[39m[90m (232 B gzip)[39m
[90m  ├─ .output/server/chunks/routes/api/user/info.mjs (622 B)[39m[90m (302 B gzip)[39m
[90m  ├─ .output/server/chunks/routes/api/user/info.mjs.map (337 B)[39m[90m (219 B gzip)[39m
[90m  ├─ .output/server/chunks/routes/api/user/login.post.mjs (1.4 kB)[39m[90m (577 B gzip)[39m
[90m  ├─ .output/server/chunks/routes/api/user/login.post.mjs.map (848 B)[39m[90m (387 B gzip)[39m
[90m  ├─ .output/server/index.mjs (353 B)[39m[90m (204 B gzip)[39m
[90m  └─ .output/server/package.json (602 B)[39m[90m (312 B gzip)[39m
[36mΣ Total size:[39m 4.31 MB (1.07 MB gzip)
[32m✔[39m You can preview this build using [36mnode .output/server/index.mjs[39m                                                                                                [90mnitro[39m [90m20:31:49[39m
